<?xml version="1.0" encoding="UTF-8"?>
<!-- Generated by org.testng.reporters.JUnitReportReporter -->
<testsuite hostname="BGR642VWQ1" name="testCase.FlightBooking" tests="1" failures="0" timestamp="20 May 2015 10:24:12 GMT" time="72.047" errors="0">
  <testcase name="domesticBooking" time="72.047" classname="testCase.FlightBooking"/>
</testsuite> <!-- testCase.FlightBooking -->
